20:44:56.780 karate.env system property was: null 
20:44:56.809 request:
1 > GET http://localhost:8080/user/get
1 > Accept-Encoding: gzip,deflate
1 > Connection: Keep-Alive
1 > Host: localhost:8080
1 > User-Agent: Apache-HttpClient/4.5.6 (Java/1.8.0_191)

20:44:56.881 response time in milliseconds: 69.97
1 < 200
1 < Content-Type: application/json
1 < Matched-Stub-Id: af8b1769-0c81-45bf-a68f-26a92f21dde7
1 < Server: Jetty(9.4.14.v20181114)
1 < Transfer-Encoding: chunked
1 < Vary: Accept-Encoding, User-Agent
{ "id": "1234", name: "John Smith" }

20:44:56.883 [print] 1234
20:44:56.890 request:
2 > GET http://localhost:8080/user/get/1234
2 > Accept-Encoding: gzip,deflate
2 > Connection: Keep-Alive
2 > Host: localhost:8080
2 > User-Agent: Apache-HttpClient/4.5.6 (Java/1.8.0_191)

20:44:56.908 response time in milliseconds: 13.29
2 < 200
2 < Content-Type: application/json
2 < Matched-Stub-Id: c53c9353-5ce7-42b6-a6b1-56f8f444fa79
2 < Server: Jetty(9.4.14.v20181114)
2 < Transfer-Encoding: chunked
2 < Vary: Accept-Encoding, User-Agent
{ "id": "1234", name: "John Smith" }

20:44:56.914 request:
3 > GET http://localhost:8080/user/get/rjjmlm
3 > Accept-Encoding: gzip,deflate
3 > Connection: Keep-Alive
3 > Host: localhost:8080
3 > User-Agent: Apache-HttpClient/4.5.6 (Java/1.8.0_191)

20:44:56.920 response time in milliseconds: 4.88
3 < 401
3 < Matched-Stub-Id: b65328be-0c53-48e0-8c55-d04a3ff50dc1
3 < Server: Jetty(9.4.14.v20181114)
3 < Transfer-Encoding: chunked

20:44:56.926 request:
4 > GET http://localhost:8080/otr/get/rjjmlm
4 > Accept-Encoding: gzip,deflate
4 > Connection: Keep-Alive
4 > Host: localhost:8080
4 > User-Agent: Apache-HttpClient/4.5.6 (Java/1.8.0_191)

20:44:56.932 response time in milliseconds: 5.48
4 < 500
4 < Matched-Stub-Id: 22fe4b5a-1cad-4226-8a6e-328e501ff7f7
4 < Server: Jetty(9.4.14.v20181114)
4 < Transfer-Encoding: chunked

